# JRE version: Java(TM) SE Runtime Environment (8.0_201-b09) (build 1.8.0_201-b09)
# Java VM: Java HotSpot(TM) 64-Bit Server VM (25.201-b09 mixed mode linux-amd64 compressed oops)
Heap:
 PSYoungGen      total 133120K, used 14818K [0x00000000d6d80000, 0x00000000e2b80000, 0x0000000100000000)
  eden space 101888K, 0% used [0x00000000d6d80000,0x00000000d6d80000,0x00000000dd100000)
  from space 31232K, 47% used [0x00000000df900000,0x00000000e0778a90,0x00000000e1780000)
  to   space 40960K, 0% used [0x00000000dd100000,0x00000000dd100000,0x00000000df900000)
 ParOldGen       total 79360K, used 79087K [0x0000000084800000, 0x0000000089580000, 0x00000000d6d80000)
  object space 79360K, 99% used [0x0000000084800000,0x000000008953bcc0,0x0000000089580000)
 Metaspace       used 20463K, capacity 22050K, committed 22272K, reserved 1069056K
  class space    used 2970K, capacity 3272K, committed 3328K, reserved 1048576K
GC Heap History (10 events):
Event: 62,525 GC heap after
Heap after GC invocations=5 (full 1):
 PSYoungGen      total 36864K, used 5120K [0x00000000d6d80000, 0x00000000da800000, 0x0000000100000000)
  eden space 31744K, 0% used [0x00000000d6d80000,0x00000000d6d80000,0x00000000d8c80000)
  from space 5120K, 100% used [0x00000000d9180000,0x00000000d9680000,0x00000000d9680000)
  to   space 5120K, 0% used [0x00000000d8c80000,0x00000000d8c80000,0x00000000d9180000)
 ParOldGen       total 79360K, used 24277K [0x0000000084800000, 0x0000000089580000, 0x00000000d6d80000)
  object space 79360K, 30% used [0x0000000084800000,0x0000000085fb5620,0x0000000089580000)
 Metaspace       used 20331K, capacity 21922K, committed 22016K, reserved 1069056K
  class space    used 2969K, capacity 3272K, committed 3328K, reserved 1048576K
}
Event: 63,008 GC heap before
{Heap before GC invocations=6 (full 1):
 PSYoungGen      total 36864K, used 36864K [0x00000000d6d80000, 0x00000000da800000, 0x0000000100000000)
  eden space 31744K, 100% used [0x00000000d6d80000,0x00000000d8c80000,0x00000000d8c80000)
  from space 5120K, 100% used [0x00000000d9180000,0x00000000d9680000,0x00000000d9680000)
  to   space 5120K, 0% used [0x00000000d8c80000,0x00000000d8c80000,0x00000000d9180000)
 ParOldGen       total 79360K, used 24277K [0x0000000084800000, 0x0000000089580000, 0x00000000d6d80000)
  object space 79360K, 30% used [0x0000000084800000,0x0000000085fb5620,0x0000000089580000)
 Metaspace       used 20361K, capacity 21922K, committed 22016K, reserved 1069056K
  class space    used 2969K, capacity 3272K, committed 3328K, reserved 1048576K
Event: 63,119 GC heap after
Heap after GC invocations=6 (full 1):
 PSYoungGen      total 36864K, used 5120K [0x00000000d6d80000, 0x00000000dcb00000, 0x0000000100000000)
  eden space 31744K, 0% used [0x00000000d6d80000,0x00000000d6d80000,0x00000000d8c80000)
  from space 5120K, 100% used [0x00000000d8c80000,0x00000000d9180000,0x00000000d9180000)
  to   space 17920K, 0% used [0x00000000db980000,0x00000000db980000,0x00000000dcb00000)
 ParOldGen       total 79360K, used 35443K [0x0000000084800000, 0x0000000089580000, 0x00000000d6d80000)
  object space 79360K, 44% used [0x0000000084800000,0x0000000086a9cff0,0x0000000089580000)
 Metaspace       used 20361K, capacity 21922K, committed 22016K, reserved 1069056K
  class space    used 2969K, capacity 3272K, committed 3328K, reserved 1048576K
}
Event: 63,483 GC heap before
{Heap before GC invocations=7 (full 1):
 PSYoungGen      total 36864K, used 36864K [0x00000000d6d80000, 0x00000000dcb00000, 0x0000000100000000)
  eden space 31744K, 100% used [0x00000000d6d80000,0x00000000d8c80000,0x00000000d8c80000)
  from space 5120K, 100% used [0x00000000d8c80000,0x00000000d9180000,0x00000000d9180000)
  to   space 17920K, 0% used [0x00000000db980000,0x00000000db980000,0x00000000dcb00000)
 ParOldGen       total 79360K, used 35443K [0x0000000084800000, 0x0000000089580000, 0x00000000d6d80000)
  object space 79360K, 44% used [0x0000000084800000,0x0000000086a9cff0,0x0000000089580000)
 Metaspace       used 20384K, capacity 21922K, committed 22016K, reserved 1069056K
  class space    used 2969K, capacity 3272K, committed 3328K, reserved 1048576K
Event: 63,536 GC heap after
Heap after GC invocations=7 (full 1):
 PSYoungGen      total 75776K, used 16385K [0x00000000d6d80000, 0x00000000dd000000, 0x0000000100000000)
  eden space 57856K, 0% used [0x00000000d6d80000,0x00000000d6d80000,0x00000000da600000)
  from space 17920K, 91% used [0x00000000db980000,0x00000000dc9806a8,0x00000000dcb00000)
  to   space 19968K, 0% used [0x00000000da600000,0x00000000da600000,0x00000000db980000)
 ParOldGen       total 79360K, used 35451K [0x0000000084800000, 0x0000000089580000, 0x00000000d6d80000)
  object space 79360K, 44% used [0x0000000084800000,0x0000000086a9eff0,0x0000000089580000)
 Metaspace       used 20384K, capacity 21922K, committed 22016K, reserved 1069056K
  class space    used 2969K, capacity 3272K, committed 3328K, reserved 1048576K
}
Event: 64,095 GC heap before
{Heap before GC invocations=8 (full 1):
 PSYoungGen      total 75776K, used 74241K [0x00000000d6d80000, 0x00000000dd000000, 0x0000000100000000)
  eden space 57856K, 100% used [0x00000000d6d80000,0x00000000da600000,0x00000000da600000)
  from space 17920K, 91% used [0x00000000db980000,0x00000000dc9806a8,0x00000000dcb00000)
  to   space 19968K, 0% used [0x00000000da600000,0x00000000da600000,0x00000000db980000)
 ParOldGen       total 79360K, used 35451K [0x0000000084800000, 0x0000000089580000, 0x00000000d6d80000)
  object space 79360K, 44% used [0x0000000084800000,0x0000000086a9eff0,0x0000000089580000)
 Metaspace       used 20403K, capacity 21922K, committed 22016K, reserved 1069056K
  class space    used 2970K, capacity 3272K, committed 3328K, reserved 1048576K
Event: 64,199 GC heap after
Heap after GC invocations=8 (full 1):
 PSYoungGen      total 77824K, used 19968K [0x00000000d6d80000, 0x00000000e1780000, 0x0000000100000000)
  eden space 57856K, 0% used [0x00000000d6d80000,0x00000000d6d80000,0x00000000da600000)
  from space 19968K, 100% used [0x00000000da600000,0x00000000db980000,0x00000000db980000)
  to   space 31232K, 0% used [0x00000000df900000,0x00000000df900000,0x00000000e1780000)
 ParOldGen       total 79360K, used 51967K [0x0000000084800000, 0x0000000089580000, 0x00000000d6d80000)
  object space 79360K, 65% used [0x0000000084800000,0x0000000087abfed8,0x0000000089580000)
 Metaspace       used 20403K, capacity 21922K, committed 22016K, reserved 1069056K
  class space    used 2970K, capacity 3272K, committed 3328K, reserved 1048576K
}
Event: 64,845 GC heap before
{Heap before GC invocations=9 (full 1):
 PSYoungGen      total 77824K, used 77824K [0x00000000d6d80000, 0x00000000e1780000, 0x0000000100000000)
  eden space 57856K, 100% used [0x00000000d6d80000,0x00000000da600000,0x00000000da600000)
  from space 19968K, 100% used [0x00000000da600000,0x00000000db980000,0x00000000db980000)
  to   space 31232K, 0% used [0x00000000df900000,0x00000000df900000,0x00000000e1780000)
 ParOldGen       total 79360K, used 51967K [0x0000000084800000, 0x0000000089580000, 0x00000000d6d80000)
  object space 79360K, 65% used [0x0000000084800000,0x0000000087abfed8,0x0000000089580000)
 Metaspace       used 20463K, capacity 22050K, committed 22272K, reserved 1069056K
  class space    used 2970K, capacity 3272K, committed 3328K, reserved 1048576K
Event: 65,026 GC heap after
Heap after GC invocations=9 (full 1):
 PSYoungGen      total 133120K, used 31232K [0x00000000d6d80000, 0x00000000e2b80000, 0x0000000100000000)
  eden space 101888K, 0% used [0x00000000d6d80000,0x00000000d6d80000,0x00000000dd100000)
  from space 31232K, 100% used [0x00000000df900000,0x00000000e1780000,0x00000000e1780000)
  to   space 40960K, 0% used [0x00000000dd100000,0x00000000dd100000,0x00000000df900000)
 ParOldGen       total 79360K, used 63415K [0x0000000084800000, 0x0000000089580000, 0x00000000d6d80000)
  object space 79360K, 79% used [0x0000000084800000,0x00000000885edee8,0x0000000089580000)
 Metaspace       used 20463K, capacity 22050K, committed 22272K, reserved 1069056K
  class space    used 2970K, capacity 3272K, committed 3328K, reserved 1048576K
}
Event: 65,026 GC heap before
{Heap before GC invocations=10 (full 2):
 PSYoungGen      total 133120K, used 31232K [0x00000000d6d80000, 0x00000000e2b80000, 0x0000000100000000)
  eden space 101888K, 0% used [0x00000000d6d80000,0x00000000d6d80000,0x00000000dd100000)
  from space 31232K, 100% used [0x00000000df900000,0x00000000e1780000,0x00000000e1780000)
  to   space 40960K, 0% used [0x00000000dd100000,0x00000000dd100000,0x00000000df900000)
 ParOldGen       total 79360K, used 63415K [0x0000000084800000, 0x0000000089580000, 0x00000000d6d80000)
  object space 79360K, 79% used [0x0000000084800000,0x00000000885edee8,0x0000000089580000)
 Metaspace       used 20463K, capacity 22050K, committed 22272K, reserved 1069056K
  class space    used 2970K, capacity 3272K, committed 3328K, reserved 1048576K

