# JRE version: Java(TM) SE Runtime Environment (8.0_201-b09) (build 1.8.0_201-b09)
# Java VM: Java HotSpot(TM) 64-Bit Server VM (25.201-b09 mixed mode linux-amd64 compressed oops)
Heap:
 PSYoungGen      total 111104K, used 9713K [0x00000000d6d80000, 0x00000000e2f00000, 0x0000000100000000)
  eden space 84480K, 0% used [0x00000000d6d80000,0x00000000d6d80000,0x00000000dc000000)
  from space 26624K, 36% used [0x00000000dc000000,0x00000000dc97c620,0x00000000dda00000)
  to   space 38912K, 0% used [0x00000000e0900000,0x00000000e0900000,0x00000000e2f00000)
 ParOldGen       total 69632K, used 69334K [0x0000000084800000, 0x0000000088c00000, 0x00000000d6d80000)
  object space 69632K, 99% used [0x0000000084800000,0x0000000088bb58e8,0x0000000088c00000)
 Metaspace       used 22646K, capacity 24242K, committed 24448K, reserved 1071104K
  class space    used 3163K, capacity 3454K, committed 3456K, reserved 1048576K
GC Heap History (10 events):
Event: 8,814 GC heap after
Heap after GC invocations=6 (full 0):
 PSYoungGen      total 75776K, used 5680K [0x00000000d6d80000, 0x00000000dc580000, 0x0000000100000000)
  eden space 63488K, 0% used [0x00000000d6d80000,0x00000000d6d80000,0x00000000dab80000)
  from space 12288K, 46% used [0x00000000db980000,0x00000000dbf0c030,0x00000000dc580000)
  to   space 13312K, 0% used [0x00000000dab80000,0x00000000dab80000,0x00000000db880000)
 ParOldGen       total 84992K, used 11581K [0x0000000084800000, 0x0000000089b00000, 0x00000000d6d80000)
  object space 84992K, 13% used [0x0000000084800000,0x000000008534f608,0x0000000089b00000)
 Metaspace       used 19900K, capacity 21160K, committed 21296K, reserved 1067008K
  class space    used 2846K, capacity 3113K, committed 3200K, reserved 1048576K
}
Event: 8,814 GC heap before
{Heap before GC invocations=7 (full 1):
 PSYoungGen      total 75776K, used 5680K [0x00000000d6d80000, 0x00000000dc580000, 0x0000000100000000)
  eden space 63488K, 0% used [0x00000000d6d80000,0x00000000d6d80000,0x00000000dab80000)
  from space 12288K, 46% used [0x00000000db980000,0x00000000dbf0c030,0x00000000dc580000)
  to   space 13312K, 0% used [0x00000000dab80000,0x00000000dab80000,0x00000000db880000)
 ParOldGen       total 84992K, used 11581K [0x0000000084800000, 0x0000000089b00000, 0x00000000d6d80000)
  object space 84992K, 13% used [0x0000000084800000,0x000000008534f608,0x0000000089b00000)
 Metaspace       used 19900K, capacity 21160K, committed 21296K, reserved 1067008K
  class space    used 2846K, capacity 3113K, committed 3200K, reserved 1048576K
Event: 9,186 GC heap after
Heap after GC invocations=7 (full 1):
 PSYoungGen      total 75776K, used 0K [0x00000000d6d80000, 0x00000000dc580000, 0x0000000100000000)
  eden space 63488K, 0% used [0x00000000d6d80000,0x00000000d6d80000,0x00000000dab80000)
  from space 12288K, 0% used [0x00000000db980000,0x00000000db980000,0x00000000dc580000)
  to   space 13312K, 0% used [0x00000000dab80000,0x00000000dab80000,0x00000000db880000)
 ParOldGen       total 69632K, used 16604K [0x0000000084800000, 0x0000000088c00000, 0x00000000d6d80000)
  object space 69632K, 23% used [0x0000000084800000,0x00000000858373d0,0x0000000088c00000)
 Metaspace       used 19900K, capacity 21160K, committed 21296K, reserved 1067008K
  class space    used 2846K, capacity 3113K, committed 3200K, reserved 1048576K
}
Event: 24,589 GC heap before
{Heap before GC invocations=8 (full 1):
 PSYoungGen      total 75776K, used 63488K [0x00000000d6d80000, 0x00000000dc580000, 0x0000000100000000)
  eden space 63488K, 100% used [0x00000000d6d80000,0x00000000dab80000,0x00000000dab80000)
  from space 12288K, 0% used [0x00000000db980000,0x00000000db980000,0x00000000dc580000)
  to   space 13312K, 0% used [0x00000000dab80000,0x00000000dab80000,0x00000000db880000)
 ParOldGen       total 69632K, used 16604K [0x0000000084800000, 0x0000000088c00000, 0x00000000d6d80000)
  object space 69632K, 23% used [0x0000000084800000,0x00000000858373d0,0x0000000088c00000)
 Metaspace       used 22542K, capacity 24178K, committed 24192K, reserved 1071104K
  class space    used 3162K, capacity 3454K, committed 3456K, reserved 1048576K
Event: 24,631 GC heap after
Heap after GC invocations=8 (full 1):
 PSYoungGen      total 76800K, used 13280K [0x00000000d6d80000, 0x00000000dea00000, 0x0000000100000000)
  eden space 63488K, 0% used [0x00000000d6d80000,0x00000000d6d80000,0x00000000dab80000)
  from space 13312K, 99% used [0x00000000dab80000,0x00000000db878028,0x00000000db880000)
  to   space 16384K, 0% used [0x00000000dda00000,0x00000000dda00000,0x00000000dea00000)
 ParOldGen       total 69632K, used 17475K [0x0000000084800000, 0x0000000088c00000, 0x00000000d6d80000)
  object space 69632K, 25% used [0x0000000084800000,0x0000000085910d08,0x0000000088c00000)
 Metaspace       used 22542K, capacity 24178K, committed 24192K, reserved 1071104K
  class space    used 3162K, capacity 3454K, committed 3456K, reserved 1048576K
}
Event: 25,358 GC heap before
{Heap before GC invocations=9 (full 1):
 PSYoungGen      total 76800K, used 76768K [0x00000000d6d80000, 0x00000000dea00000, 0x0000000100000000)
  eden space 63488K, 100% used [0x00000000d6d80000,0x00000000dab80000,0x00000000dab80000)
  from space 13312K, 99% used [0x00000000dab80000,0x00000000db878028,0x00000000db880000)
  to   space 16384K, 0% used [0x00000000dda00000,0x00000000dda00000,0x00000000dea00000)
 ParOldGen       total 69632K, used 17475K [0x0000000084800000, 0x0000000088c00000, 0x00000000d6d80000)
  object space 69632K, 25% used [0x0000000084800000,0x0000000085910d08,0x0000000088c00000)
 Metaspace       used 22611K, capacity 24242K, committed 24448K, reserved 1071104K
  class space    used 3162K, capacity 3454K, committed 3456K, reserved 1048576K
Event: 25,459 GC heap after
Heap after GC invocations=9 (full 1):
 PSYoungGen      total 100864K, used 16352K [0x00000000d6d80000, 0x00000000e0480000, 0x0000000100000000)
  eden space 84480K, 0% used [0x00000000d6d80000,0x00000000d6d80000,0x00000000dc000000)
  from space 16384K, 99% used [0x00000000dda00000,0x00000000de9f8028,0x00000000dea00000)
  to   space 26624K, 0% used [0x00000000dc000000,0x00000000dc000000,0x00000000dda00000)
 ParOldGen       total 69632K, used 35140K [0x0000000084800000, 0x0000000088c00000, 0x00000000d6d80000)
  object space 69632K, 50% used [0x0000000084800000,0x0000000086a513b0,0x0000000088c00000)
 Metaspace       used 22611K, capacity 24242K, committed 24448K, reserved 1071104K
  class space    used 3162K, capacity 3454K, committed 3456K, reserved 1048576K
}
Event: 26,053 GC heap before
{Heap before GC invocations=10 (full 1):
 PSYoungGen      total 100864K, used 100832K [0x00000000d6d80000, 0x00000000e0480000, 0x0000000100000000)
  eden space 84480K, 100% used [0x00000000d6d80000,0x00000000dc000000,0x00000000dc000000)
  from space 16384K, 99% used [0x00000000dda00000,0x00000000de9f8028,0x00000000dea00000)
  to   space 26624K, 0% used [0x00000000dc000000,0x00000000dc000000,0x00000000dda00000)
 ParOldGen       total 69632K, used 35140K [0x0000000084800000, 0x0000000088c00000, 0x00000000d6d80000)
  object space 69632K, 50% used [0x0000000084800000,0x0000000086a513b0,0x0000000088c00000)
 Metaspace       used 22646K, capacity 24242K, committed 24448K, reserved 1071104K
  class space    used 3163K, capacity 3454K, committed 3456K, reserved 1048576K
Event: 26,201 GC heap after
Heap after GC invocations=10 (full 1):
 PSYoungGen      total 111104K, used 26624K [0x00000000d6d80000, 0x00000000e2f00000, 0x0000000100000000)
  eden space 84480K, 0% used [0x00000000d6d80000,0x00000000d6d80000,0x00000000dc000000)
  from space 26624K, 100% used [0x00000000dc000000,0x00000000dda00000,0x00000000dda00000)
  to   space 38912K, 0% used [0x00000000e0900000,0x00000000e0900000,0x00000000e2f00000)
 ParOldGen       total 69632K, used 53136K [0x0000000084800000, 0x0000000088c00000, 0x00000000d6d80000)
  object space 69632K, 76% used [0x0000000084800000,0x0000000087be42c0,0x0000000088c00000)
 Metaspace       used 22646K, capacity 24242K, committed 24448K, reserved 1071104K
  class space    used 3163K, capacity 3454K, committed 3456K, reserved 1048576K
}
Event: 26,201 GC heap before
{Heap before GC invocations=11 (full 2):
 PSYoungGen      total 111104K, used 26624K [0x00000000d6d80000, 0x00000000e2f00000, 0x0000000100000000)
  eden space 84480K, 0% used [0x00000000d6d80000,0x00000000d6d80000,0x00000000dc000000)
  from space 26624K, 100% used [0x00000000dc000000,0x00000000dda00000,0x00000000dda00000)
  to   space 38912K, 0% used [0x00000000e0900000,0x00000000e0900000,0x00000000e2f00000)
 ParOldGen       total 69632K, used 53136K [0x0000000084800000, 0x0000000088c00000, 0x00000000d6d80000)
  object space 69632K, 76% used [0x0000000084800000,0x0000000087be42c0,0x0000000088c00000)
 Metaspace       used 22646K, capacity 24242K, committed 24448K, reserved 1071104K
  class space    used 3163K, capacity 3454K, committed 3456K, reserved 1048576K

